<?xml version="1.0" encoding="UTF-8"?>
<testsuite name="LettersTests" tests="1" skipped="0" failures="0" errors="0" timestamp="2023-09-29T11:59:32" hostname="LAPTOP-PN15TP1H" time="0.001">
  <properties/>
  <testcase name="testSolution" classname="LettersTests" time="0.001"/>
  <system-out><![CDATA[]]></system-out>
  <system-err><![CDATA[]]></system-err>
</testsuite>
